2018/07/01 15:40:10 this is befor StartAll
2018/07/01 15:40:10 this is before Dispatcher
2018/07/01 15:40:10 this is before CLOSE
2018/07/01 15:40:13 this is befor StartAll
2018/07/01 15:40:13 this is before Dispatcher
2018/07/01 15:40:13 this is before CLOSE
2018/07/01 15:40:16 this is befor StartAll
2018/07/01 15:40:16 this is before Dispatcher
2018/07/01 15:40:16 this is before CLOSE
2018/07/01 15:40:19 this is befor StartAll
2018/07/01 15:40:19 this is before Dispatcher
2018/07/01 15:40:19 this is before CLOSE
2018/07/01 15:40:22 this is befor StartAll
2018/07/01 15:40:22 this is before Dispatcher
2018/07/01 15:40:22 this is before CLOSE
2018/07/01 15:40:25 this is befor StartAll
2018/07/01 15:40:25 this is before Dispatcher
2018/07/01 15:40:25 this is before CLOSE
2018/07/01 15:40:28 this is befor StartAll
2018/07/01 15:40:28 this is before Dispatcher
2018/07/01 15:40:28 this is before CLOSE
2018/07/01 15:40:31 this is befor StartAll
2018/07/01 15:40:31 this is before Dispatcher
2018/07/01 15:40:31 this is before CLOSE
2018/07/01 15:40:34 this is befor StartAll
2018/07/01 15:40:34 this is before Dispatcher
2018/07/01 15:40:34 this is before CLOSE
2018/07/01 15:40:37 this is befor StartAll
2018/07/01 15:40:37 this is before Dispatcher
2018/07/01 15:40:37 this is before CLOSE
2018/07/01 15:40:40 this is befor StartAll
2018/07/01 15:40:40 this is before Dispatcher
2018/07/01 15:40:40 this is before CLOSE
2018/07/01 15:40:43 this is befor StartAll
2018/07/01 15:40:43 this is before Dispatcher
2018/07/01 15:40:43 this is before CLOSE
2018/07/01 15:40:46 this is befor StartAll
2018/07/01 15:40:46 this is before Dispatcher
2018/07/01 15:40:46 this is before CLOSE
2018/07/01 15:40:49 this is befor StartAll
2018/07/01 15:40:49 this is before Dispatcher
2018/07/01 15:40:49 this is before CLOSE
2018/07/01 15:40:52 this is befor StartAll
2018/07/01 15:40:52 this is before Dispatcher
2018/07/01 15:40:52 this is before CLOSE
2018/07/01 15:40:55 this is befor StartAll
2018/07/01 15:40:55 this is before Dispatcher
2018/07/01 15:40:55 this is before CLOSE
2018/07/01 15:40:58 this is befor StartAll
2018/07/01 15:40:58 this is before Dispatcher
2018/07/01 15:40:58 this is before CLOSE
2018/07/01 15:41:01 this is befor StartAll
2018/07/01 15:41:01 this is before Dispatcher
2018/07/01 15:41:01 this is before CLOSE
2018/07/01 15:41:04 this is befor StartAll
2018/07/01 15:41:04 this is before Dispatcher
2018/07/01 15:41:04 this is before CLOSE
2018/07/01 15:41:07 this is befor StartAll
2018/07/01 15:41:07 this is before Dispatcher
2018/07/01 15:41:07 this is before CLOSE
2018/07/01 15:41:10 this is befor StartAll
2018/07/01 15:41:10 this is before Dispatcher
2018/07/01 15:41:10 this is before CLOSE
2018/07/01 15:41:13 this is befor StartAll
2018/07/01 15:41:13 this is before Dispatcher
2018/07/01 15:41:13 this is before CLOSE
2018/07/01 15:41:16 this is befor StartAll
2018/07/01 15:41:16 this is before Dispatcher
2018/07/01 15:41:16 this is before CLOSE
2018/07/01 15:41:19 this is befor StartAll
2018/07/01 15:41:19 this is before Dispatcher
2018/07/01 15:41:19 this is before CLOSE
2018/07/01 15:41:22 this is befor StartAll
2018/07/01 15:41:22 this is before Dispatcher
2018/07/01 15:41:22 this is before CLOSE
2018/07/01 15:41:25 this is befor StartAll
2018/07/01 15:41:25 this is before Dispatcher
2018/07/01 15:41:25 this is before CLOSE
2018/07/01 15:41:28 this is befor StartAll
2018/07/01 15:41:28 this is before Dispatcher
2018/07/01 15:41:28 this is before CLOSE
2018/07/01 15:41:31 this is befor StartAll
2018/07/01 15:41:31 this is before Dispatcher
2018/07/01 15:41:31 this is before CLOSE
2018/07/01 15:41:34 this is befor StartAll
2018/07/01 15:41:34 this is before Dispatcher
2018/07/01 15:41:34 this is before CLOSE
2018/07/01 15:41:37 this is befor StartAll
2018/07/01 15:41:37 this is before Dispatcher
2018/07/01 15:41:37 this is before CLOSE
2018/07/01 15:41:40 this is befor StartAll
2018/07/01 15:41:40 this is before Dispatcher
2018/07/01 15:41:40 this is before CLOSE
2018/07/01 15:41:43 this is befor StartAll
2018/07/01 15:41:43 this is before Dispatcher
2018/07/01 15:41:43 this is before CLOSE
2018/07/01 15:41:46 this is befor StartAll
2018/07/01 15:41:46 this is before Dispatcher
2018/07/01 15:41:46 this is before CLOSE
2018/07/01 15:41:49 this is befor StartAll
2018/07/01 15:41:49 this is before Dispatcher
2018/07/01 15:41:49 this is before CLOSE
2018/07/01 15:41:52 this is befor StartAll
2018/07/01 15:41:52 this is before Dispatcher
2018/07/01 15:41:52 this is before CLOSE
2018/07/01 15:41:55 this is befor StartAll
2018/07/01 15:41:55 this is before Dispatcher
2018/07/01 15:41:55 this is before CLOSE
2018/07/01 15:41:58 this is befor StartAll
2018/07/01 15:41:58 this is before Dispatcher
2018/07/01 15:41:58 this is before CLOSE
2018/07/01 15:42:01 this is befor StartAll
2018/07/01 15:42:01 this is before Dispatcher
2018/07/01 15:42:01 this is before CLOSE
2018/07/01 15:42:04 this is befor StartAll
2018/07/01 15:42:04 this is before Dispatcher
2018/07/01 15:42:04 this is before CLOSE
2018/07/01 15:42:07 this is befor StartAll
2018/07/01 15:42:07 this is before Dispatcher
2018/07/01 15:42:07 this is before CLOSE
2018/07/01 15:42:10 this is befor StartAll
2018/07/01 15:42:10 this is before Dispatcher
2018/07/01 15:42:10 this is before CLOSE
2018/07/01 15:42:13 this is befor StartAll
2018/07/01 15:42:13 this is before Dispatcher
2018/07/01 15:42:13 this is before CLOSE
2018/07/01 15:42:16 Now length: 0
2018/07/01 15:42:16 New connction coming: 1
2018/07/01 15:42:16 this is befor StartAll
2018/07/01 15:42:16 this is before Dispatcher
2018/07/01 15:42:16 this is before CLOSE
2018/07/01 15:42:19 this is befor StartAll
2018/07/01 15:42:19 this is before Dispatcher
2018/07/01 15:42:19 this is before CLOSE
2018/07/01 15:42:22 this is befor StartAll
2018/07/01 15:42:22 this is before Dispatcher
2018/07/01 15:42:22 this is before CLOSE
2018/07/01 15:42:25 this is befor StartAll
2018/07/01 15:42:25 this is before Dispatcher
2018/07/01 15:42:25 this is before CLOSE
2018/07/01 15:42:28 this is befor StartAll
2018/07/01 15:42:28 this is before Dispatcher
2018/07/01 15:42:28 this is before CLOSE
2018/07/01 15:42:31 this is befor StartAll
2018/07/01 15:42:31 this is before Dispatcher
2018/07/01 15:42:31 this is before CLOSE
2018/07/01 15:42:34 this is befor StartAll
2018/07/01 15:42:34 this is before Dispatcher
2018/07/01 15:42:34 this is before CLOSE
2018/07/01 15:42:37 this is befor StartAll
2018/07/01 15:42:37 this is before Dispatcher
2018/07/01 15:42:37 this is before CLOSE
2018/07/01 15:42:40 this is befor StartAll
2018/07/01 15:42:40 this is before Dispatcher
2018/07/01 15:42:40 this is before CLOSE
2018/07/01 15:42:43 this is befor StartAll
2018/07/01 15:42:43 this is before Dispatcher
2018/07/01 15:42:43 this is before CLOSE
2018/07/01 15:42:46 this is befor StartAll
2018/07/01 15:42:46 this is before Dispatcher
2018/07/01 15:42:46 this is before CLOSE
2018/07/01 15:42:49 this is befor StartAll
2018/07/01 15:42:49 this is before Dispatcher
2018/07/01 15:42:49 this is before CLOSE
2018/07/01 15:42:52 this is befor StartAll
2018/07/01 15:42:52 this is before Dispatcher
2018/07/01 15:42:52 this is before CLOSE
2018/07/01 15:42:55 this is befor StartAll
2018/07/01 15:42:55 this is before Dispatcher
2018/07/01 15:42:55 this is before CLOSE
2018/07/01 15:42:58 this is befor StartAll
2018/07/01 15:42:58 this is before Dispatcher
2018/07/01 15:42:58 this is before CLOSE
2018/07/01 15:43:01 this is befor StartAll
2018/07/01 15:43:01 this is before Dispatcher
2018/07/01 15:43:01 this is before CLOSE
2018/07/01 15:43:04 this is befor StartAll
2018/07/01 15:43:04 this is before Dispatcher
2018/07/01 15:43:04 this is before CLOSE
2018/07/01 15:43:07 this is befor StartAll
2018/07/01 15:43:07 this is before Dispatcher
2018/07/01 15:43:07 this is before CLOSE
2018/07/01 15:43:10 this is befor StartAll
2018/07/01 15:43:10 this is before Dispatcher
2018/07/01 15:43:10 this is before CLOSE
2018/07/01 15:43:13 this is befor StartAll
2018/07/01 15:43:13 this is before Dispatcher
2018/07/01 15:43:13 this is before CLOSE
2018/07/01 15:43:16 this is befor StartAll
2018/07/01 15:43:16 this is before Dispatcher
2018/07/01 15:43:16 this is before CLOSE
2018/07/01 15:43:19 this is befor StartAll
2018/07/01 15:43:19 this is before Dispatcher
2018/07/01 15:43:19 this is before CLOSE
2018/07/01 15:43:22 this is befor StartAll
2018/07/01 15:43:22 this is before Dispatcher
2018/07/01 15:43:22 this is before CLOSE
2018/07/01 15:43:25 this is befor StartAll
2018/07/01 15:43:25 this is before Dispatcher
2018/07/01 15:43:25 this is before CLOSE
2018/07/01 15:43:28 this is befor StartAll
2018/07/01 15:43:28 this is before Dispatcher
2018/07/01 15:43:28 this is before CLOSE
2018/07/01 15:43:31 this is befor StartAll
2018/07/01 15:43:31 this is before Dispatcher
2018/07/01 15:43:31 this is before CLOSE
2018/07/01 15:43:34 this is befor StartAll
2018/07/01 15:43:34 this is before Dispatcher
2018/07/01 15:43:34 this is before CLOSE
2018/07/01 15:43:37 this is befor StartAll
2018/07/01 15:43:37 this is before Dispatcher
2018/07/01 15:43:37 this is before CLOSE
2018/07/01 15:43:40 this is befor StartAll
2018/07/01 15:43:40 this is before Dispatcher
2018/07/01 15:43:40 this is before CLOSE
2018/07/01 15:43:43 this is befor StartAll
2018/07/01 15:43:43 this is before Dispatcher
2018/07/01 15:43:43 this is before CLOSE
2018/07/01 15:43:46 this is befor StartAll
2018/07/01 15:43:46 this is before Dispatcher
2018/07/01 15:43:46 this is before CLOSE
2018/07/01 15:43:49 this is befor StartAll
2018/07/01 15:43:49 this is before Dispatcher
2018/07/01 15:43:49 this is before CLOSE
2018/07/01 15:43:52 this is befor StartAll
2018/07/01 15:43:52 this is before Dispatcher
2018/07/01 15:43:52 this is before CLOSE
2018/07/01 15:43:55 this is befor StartAll
2018/07/01 15:43:55 this is before Dispatcher
2018/07/01 15:43:55 this is before CLOSE
2018/07/01 15:43:58 this is befor StartAll
2018/07/01 15:43:58 this is before Dispatcher
2018/07/01 15:43:58 this is before CLOSE
2018/07/01 15:44:01 this is befor StartAll
2018/07/01 15:44:01 this is before Dispatcher
2018/07/01 15:44:01 this is before CLOSE
2018/07/01 15:44:04 this is befor StartAll
2018/07/01 15:44:04 this is before Dispatcher
2018/07/01 15:44:04 this is before CLOSE
2018/07/01 15:44:07 this is befor StartAll
2018/07/01 15:44:07 this is before Dispatcher
2018/07/01 15:44:07 this is before CLOSE
2018/07/01 15:44:10 this is befor StartAll
2018/07/01 15:44:10 this is before Dispatcher
2018/07/01 15:44:10 this is before CLOSE
2018/07/01 15:44:13 this is befor StartAll
2018/07/01 15:44:13 this is before Dispatcher
2018/07/01 15:44:13 this is before CLOSE
2018/07/01 15:44:16 this is befor StartAll
2018/07/01 15:44:16 this is before Dispatcher
2018/07/01 15:44:16 this is before CLOSE
2018/07/01 15:44:18 Now length: 0
2018/07/01 15:44:18 New connction coming: 1
2018/07/01 15:44:19 this is befor StartAll
2018/07/01 15:44:19 this is before Dispatcher
2018/07/01 15:44:19 this is before CLOSE
2018/07/01 15:44:22 this is befor StartAll
2018/07/01 15:44:22 this is before Dispatcher
2018/07/01 15:44:22 this is before CLOSE
2018/07/01 15:44:25 this is befor StartAll
2018/07/01 15:44:25 this is before Dispatcher
2018/07/01 15:44:25 this is before CLOSE
2018/07/01 15:44:28 this is befor StartAll
2018/07/01 15:44:28 this is before Dispatcher
2018/07/01 15:44:28 this is before CLOSE
2018/07/01 15:44:31 this is befor StartAll
2018/07/01 15:44:31 this is before Dispatcher
2018/07/01 15:44:31 this is before CLOSE
2018/07/01 15:44:34 this is befor StartAll
2018/07/01 15:44:34 this is before Dispatcher
2018/07/01 15:44:34 this is before CLOSE
2018/07/01 15:44:37 this is befor StartAll
2018/07/01 15:44:37 this is before Dispatcher
2018/07/01 15:44:37 this is before CLOSE
2018/07/01 15:44:40 this is befor StartAll
2018/07/01 15:44:40 this is before Dispatcher
2018/07/01 15:44:40 this is before CLOSE
2018/07/01 15:44:43 this is befor StartAll
2018/07/01 15:44:43 this is before Dispatcher
2018/07/01 15:44:43 this is before CLOSE
2018/07/01 15:44:46 this is befor StartAll
2018/07/01 15:44:46 this is before Dispatcher
2018/07/01 15:44:46 this is before CLOSE
2018/07/01 15:44:49 this is befor StartAll
2018/07/01 15:44:49 this is before Dispatcher
2018/07/01 15:44:49 this is before CLOSE
2018/07/01 15:44:52 this is befor StartAll
2018/07/01 15:44:52 this is before Dispatcher
2018/07/01 15:44:52 this is before CLOSE
2018/07/01 15:44:55 this is befor StartAll
2018/07/01 15:44:55 this is before Dispatcher
2018/07/01 15:44:55 this is before CLOSE
2018/07/01 15:44:58 this is befor StartAll
2018/07/01 15:44:58 this is before Dispatcher
2018/07/01 15:44:58 this is before CLOSE
2018/07/01 15:45:01 this is befor StartAll
2018/07/01 15:45:01 this is before Dispatcher
2018/07/01 15:45:01 this is before CLOSE
2018/07/01 15:45:04 this is befor StartAll
2018/07/01 15:45:04 this is before Dispatcher
2018/07/01 15:45:04 this is before CLOSE
2018/07/01 15:45:07 this is befor StartAll
2018/07/01 15:45:07 this is before Dispatcher
2018/07/01 15:45:07 this is before CLOSE
2018/07/01 15:45:10 this is befor StartAll
2018/07/01 15:45:10 this is before Dispatcher
2018/07/01 15:45:10 this is before CLOSE
2018/07/01 15:45:13 this is befor StartAll
2018/07/01 15:45:13 this is before Dispatcher
2018/07/01 15:45:13 this is before CLOSE
2018/07/01 15:45:16 this is befor StartAll
2018/07/01 15:45:16 this is before Dispatcher
2018/07/01 15:45:16 this is before CLOSE
2018/07/01 15:45:19 this is befor StartAll
2018/07/01 15:45:19 this is before Dispatcher
2018/07/01 15:45:19 this is before CLOSE
2018/07/01 15:45:22 this is befor StartAll
2018/07/01 15:45:22 this is before Dispatcher
2018/07/01 15:45:22 this is before CLOSE
2018/07/01 15:45:25 this is befor StartAll
2018/07/01 15:45:25 this is before Dispatcher
2018/07/01 15:45:25 this is before CLOSE
2018/07/01 15:45:28 this is befor StartAll
2018/07/01 15:45:28 this is before Dispatcher
2018/07/01 15:45:28 this is before CLOSE
2018/07/01 15:45:31 this is befor StartAll
2018/07/01 15:45:31 this is before Dispatcher
2018/07/01 15:45:31 this is before CLOSE
2018/07/01 15:45:34 this is befor StartAll
2018/07/01 15:45:34 this is before Dispatcher
2018/07/01 15:45:34 this is before CLOSE
2018/07/01 15:45:37 this is befor StartAll
2018/07/01 15:45:37 this is before Dispatcher
2018/07/01 15:45:37 this is before CLOSE
2018/07/01 15:45:40 this is befor StartAll
2018/07/01 15:45:40 this is before Dispatcher
2018/07/01 15:45:40 this is before CLOSE
2018/07/01 15:45:43 this is befor StartAll
2018/07/01 15:45:43 this is before Dispatcher
2018/07/01 15:45:43 this is before CLOSE
2018/07/01 15:45:46 this is befor StartAll
2018/07/01 15:45:46 this is before Dispatcher
2018/07/01 15:45:46 this is before CLOSE
2018/07/01 15:45:49 this is befor StartAll
2018/07/01 15:45:49 this is before Dispatcher
2018/07/01 15:45:49 this is before CLOSE
2018/07/01 15:45:52 this is befor StartAll
2018/07/01 15:45:52 this is before Dispatcher
2018/07/01 15:45:52 this is before CLOSE
2018/07/01 15:45:55 this is befor StartAll
2018/07/01 15:45:55 this is before Dispatcher
2018/07/01 15:45:55 this is before CLOSE
2018/07/01 15:45:58 this is befor StartAll
2018/07/01 15:45:58 this is before Dispatcher
2018/07/01 15:45:58 this is before CLOSE
2018/07/01 15:46:01 this is befor StartAll
2018/07/01 15:46:01 this is before Dispatcher
2018/07/01 15:46:01 this is before CLOSE
2018/07/01 15:46:04 this is befor StartAll
2018/07/01 15:46:04 this is before Dispatcher
2018/07/01 15:46:04 this is before CLOSE
2018/07/01 15:46:07 this is befor StartAll
2018/07/01 15:46:07 this is before Dispatcher
2018/07/01 15:46:07 this is before CLOSE
2018/07/01 15:46:10 this is befor StartAll
2018/07/01 15:46:10 this is before Dispatcher
2018/07/01 15:46:10 this is before CLOSE
2018/07/01 15:46:13 this is befor StartAll
2018/07/01 15:46:13 this is before Dispatcher
2018/07/01 15:46:13 this is before CLOSE
2018/07/01 15:46:16 this is befor StartAll
2018/07/01 15:46:16 this is before Dispatcher
2018/07/01 15:46:16 this is before CLOSE
2018/07/01 15:46:19 this is befor StartAll
2018/07/01 15:46:19 this is before Dispatcher
2018/07/01 15:46:19 this is before CLOSE
2018/07/01 15:46:22 this is befor StartAll
2018/07/01 15:46:22 this is before Dispatcher
2018/07/01 15:46:22 this is before CLOSE
2018/07/01 15:46:25 this is befor StartAll
2018/07/01 15:46:25 this is before Dispatcher
2018/07/01 15:46:25 this is before CLOSE
2018/07/01 15:46:28 this is befor StartAll
2018/07/01 15:46:28 this is before Dispatcher
2018/07/01 15:46:28 this is before CLOSE
2018/07/01 15:46:31 this is befor StartAll
2018/07/01 15:46:31 this is before Dispatcher
2018/07/01 15:46:31 this is before CLOSE
2018/07/01 15:46:34 this is befor StartAll
2018/07/01 15:46:34 this is before Dispatcher
2018/07/01 15:46:34 this is before CLOSE
2018/07/01 15:46:37 this is befor StartAll
2018/07/01 15:46:37 this is before Dispatcher
2018/07/01 15:46:37 this is before CLOSE
2018/07/01 15:46:40 this is befor StartAll
2018/07/01 15:46:40 this is before Dispatcher
2018/07/01 15:46:40 this is before CLOSE
2018/07/01 15:46:43 this is befor StartAll
2018/07/01 15:46:43 this is before Dispatcher
2018/07/01 15:46:43 this is before CLOSE
2018/07/01 15:46:46 this is befor StartAll
2018/07/01 15:46:46 this is before Dispatcher
2018/07/01 15:46:46 this is before CLOSE
2018/07/01 15:46:49 this is befor StartAll
2018/07/01 15:46:49 this is before Dispatcher
2018/07/01 15:46:49 this is before CLOSE
2018/07/01 15:46:52 this is befor StartAll
2018/07/01 15:46:52 this is before Dispatcher
2018/07/01 15:46:52 this is before CLOSE
2018/07/01 15:46:55 this is befor StartAll
2018/07/01 15:46:55 this is before Dispatcher
2018/07/01 15:46:55 this is before CLOSE
2018/07/01 15:46:58 this is befor StartAll
2018/07/01 15:46:58 this is before Dispatcher
2018/07/01 15:46:58 this is before CLOSE
2018/07/01 15:47:01 this is befor StartAll
2018/07/01 15:47:01 this is before Dispatcher
2018/07/01 15:47:01 this is before CLOSE
2018/07/01 15:47:04 this is befor StartAll
2018/07/01 15:47:04 this is before Dispatcher
2018/07/01 15:47:04 this is before CLOSE
2018/07/01 15:47:07 this is befor StartAll
2018/07/01 15:47:07 this is before Dispatcher
2018/07/01 15:47:07 this is before CLOSE
2018/07/01 15:47:10 this is befor StartAll
2018/07/01 15:47:10 this is before Dispatcher
2018/07/01 15:47:10 this is before CLOSE
2018/07/01 15:47:13 this is befor StartAll
2018/07/01 15:47:13 this is before Dispatcher
2018/07/01 15:47:13 this is before CLOSE
2018/07/01 15:47:16 this is befor StartAll
2018/07/01 15:47:16 this is before Dispatcher
2018/07/01 15:47:16 this is before CLOSE
2018/07/01 15:47:19 this is befor StartAll
2018/07/01 15:47:19 this is before Dispatcher
2018/07/01 15:47:19 this is before CLOSE
2018/07/01 15:47:22 this is befor StartAll
2018/07/01 15:47:22 this is before Dispatcher
2018/07/01 15:47:22 this is before CLOSE
2018/07/01 15:47:25 this is befor StartAll
2018/07/01 15:47:25 this is before Dispatcher
2018/07/01 15:47:25 this is before CLOSE
2018/07/01 15:47:28 this is befor StartAll
2018/07/01 15:47:28 this is before Dispatcher
2018/07/01 15:47:28 this is before CLOSE
2018/07/01 15:47:31 this is befor StartAll
2018/07/01 15:47:31 this is before Dispatcher
2018/07/01 15:47:31 this is before CLOSE
2018/07/01 15:47:34 this is befor StartAll
2018/07/01 15:47:34 this is before Dispatcher
2018/07/01 15:47:34 this is before CLOSE
2018/07/01 15:47:37 this is befor StartAll
2018/07/01 15:47:37 this is before Dispatcher
2018/07/01 15:47:37 this is before CLOSE
2018/07/01 15:47:40 this is befor StartAll
2018/07/01 15:47:40 this is before Dispatcher
2018/07/01 15:47:40 this is before CLOSE
2018/07/01 15:47:43 this is befor StartAll
2018/07/01 15:47:43 this is before Dispatcher
2018/07/01 15:47:43 this is before CLOSE
2018/07/01 15:47:46 this is befor StartAll
2018/07/01 15:47:46 this is before Dispatcher
2018/07/01 15:47:46 this is before CLOSE
2018/07/01 15:47:49 this is befor StartAll
2018/07/01 15:47:49 this is before Dispatcher
2018/07/01 15:47:49 this is before CLOSE
2018/07/01 15:47:52 this is befor StartAll
2018/07/01 15:47:52 this is before Dispatcher
2018/07/01 15:47:52 this is before CLOSE
2018/07/01 15:47:55 this is befor StartAll
2018/07/01 15:47:55 this is before Dispatcher
2018/07/01 15:47:55 this is before CLOSE
2018/07/01 15:47:58 this is befor StartAll
2018/07/01 15:47:58 this is before Dispatcher
2018/07/01 15:47:58 this is before CLOSE
2018/07/01 15:48:01 this is befor StartAll
2018/07/01 15:48:01 this is before Dispatcher
2018/07/01 15:48:01 this is before CLOSE
2018/07/01 15:48:04 this is befor StartAll
2018/07/01 15:48:04 this is before Dispatcher
2018/07/01 15:48:04 this is before CLOSE
2018/07/01 15:48:07 this is befor StartAll
2018/07/01 15:48:07 this is before Dispatcher
2018/07/01 15:48:07 this is before CLOSE
2018/07/01 15:48:10 this is befor StartAll
2018/07/01 15:48:10 this is before Dispatcher
2018/07/01 15:48:10 this is before CLOSE
2018/07/01 15:48:13 this is befor StartAll
2018/07/01 15:48:13 this is before Dispatcher
2018/07/01 15:48:13 this is before CLOSE
2018/07/01 15:48:16 this is befor StartAll
2018/07/01 15:48:16 this is before Dispatcher
2018/07/01 15:48:16 this is before CLOSE
2018/07/01 15:48:19 this is befor StartAll
2018/07/01 15:48:19 this is before Dispatcher
2018/07/01 15:48:19 this is before CLOSE
2018/07/01 15:48:22 this is befor StartAll
2018/07/01 15:48:22 this is before Dispatcher
2018/07/01 15:48:22 this is before CLOSE
2018/07/01 15:48:25 this is befor StartAll
2018/07/01 15:48:25 this is before Dispatcher
2018/07/01 15:48:25 this is before CLOSE
2018/07/01 15:48:28 this is befor StartAll
2018/07/01 15:48:28 this is before Dispatcher
2018/07/01 15:48:28 this is before CLOSE
2018/07/01 15:48:31 this is befor StartAll
2018/07/01 15:48:31 this is before Dispatcher
2018/07/01 15:48:31 this is before CLOSE
2018/07/01 15:48:34 this is befor StartAll
2018/07/01 15:48:34 this is before Dispatcher
2018/07/01 15:48:34 this is before CLOSE
2018/07/01 15:48:37 this is befor StartAll
2018/07/01 15:48:37 this is before Dispatcher
2018/07/01 15:48:37 this is before CLOSE
2018/07/01 15:48:40 this is befor StartAll
2018/07/01 15:48:40 this is before Dispatcher
2018/07/01 15:48:40 this is before CLOSE
2018/07/01 15:48:43 this is befor StartAll
2018/07/01 15:48:43 this is before Dispatcher
2018/07/01 15:48:43 this is before CLOSE
2018/07/01 15:48:46 this is befor StartAll
2018/07/01 15:48:46 this is before Dispatcher
2018/07/01 15:48:46 this is before CLOSE
2018/07/01 15:48:49 this is befor StartAll
2018/07/01 15:48:49 this is before Dispatcher
2018/07/01 15:48:49 this is before CLOSE
2018/07/01 15:48:52 this is befor StartAll
2018/07/01 15:48:52 this is before Dispatcher
2018/07/01 15:48:52 this is before CLOSE
2018/07/01 15:48:55 this is befor StartAll
2018/07/01 15:48:55 this is before Dispatcher
2018/07/01 15:48:55 this is before CLOSE
2018/07/01 15:48:58 this is befor StartAll
2018/07/01 15:48:58 this is before Dispatcher
2018/07/01 15:48:58 this is before CLOSE
2018/07/01 15:49:01 this is befor StartAll
2018/07/01 15:49:01 this is before Dispatcher
2018/07/01 15:49:01 this is before CLOSE
2018/07/01 15:49:04 this is befor StartAll
2018/07/01 15:49:04 this is before Dispatcher
2018/07/01 15:49:04 this is before CLOSE
2018/07/01 15:49:07 this is befor StartAll
2018/07/01 15:49:07 this is before Dispatcher
2018/07/01 15:49:07 this is before CLOSE
2018/07/01 15:49:10 this is befor StartAll
2018/07/01 15:49:10 this is before Dispatcher
2018/07/01 15:49:10 this is before CLOSE
2018/07/01 15:49:13 this is befor StartAll
2018/07/01 15:49:13 this is before Dispatcher
2018/07/01 15:49:13 this is before CLOSE
2018/07/01 15:49:16 this is befor StartAll
2018/07/01 15:49:16 this is before Dispatcher
2018/07/01 15:49:16 this is before CLOSE
2018/07/01 15:49:19 this is befor StartAll
2018/07/01 15:49:19 this is before Dispatcher
2018/07/01 15:49:19 this is before CLOSE
2018/07/01 15:49:22 this is befor StartAll
2018/07/01 15:49:22 this is before Dispatcher
2018/07/01 15:49:22 this is before CLOSE
2018/07/01 15:49:25 this is befor StartAll
2018/07/01 15:49:25 this is before Dispatcher
2018/07/01 15:49:25 this is before CLOSE
2018/07/01 15:49:28 this is befor StartAll
2018/07/01 15:49:28 this is before Dispatcher
2018/07/01 15:49:28 this is before CLOSE
2018/07/01 15:49:31 this is befor StartAll
2018/07/01 15:49:31 this is before Dispatcher
2018/07/01 15:49:31 this is before CLOSE
2018/07/01 15:49:34 this is befor StartAll
2018/07/01 15:49:34 this is before Dispatcher
2018/07/01 15:49:34 this is before CLOSE
2018/07/01 15:49:37 this is befor StartAll
2018/07/01 15:49:37 this is before Dispatcher
2018/07/01 15:49:37 this is before CLOSE
2018/07/01 15:49:40 this is befor StartAll
2018/07/01 15:49:40 this is before Dispatcher
2018/07/01 15:49:40 this is before CLOSE
2018/07/01 15:49:43 this is befor StartAll
2018/07/01 15:49:43 this is before Dispatcher
2018/07/01 15:49:43 this is before CLOSE
2018/07/01 15:49:46 this is befor StartAll
2018/07/01 15:49:46 this is before Dispatcher
2018/07/01 15:49:46 this is before CLOSE
2018/07/01 15:49:49 this is befor StartAll
2018/07/01 15:49:49 this is before Dispatcher
2018/07/01 15:49:49 this is before CLOSE
2018/07/01 15:49:52 this is befor StartAll
2018/07/01 15:49:52 this is before Dispatcher
2018/07/01 15:49:52 this is before CLOSE
2018/07/01 15:49:55 this is befor StartAll
2018/07/01 15:49:55 this is before Dispatcher
2018/07/01 15:49:55 this is before CLOSE
2018/07/01 15:49:58 this is befor StartAll
2018/07/01 15:49:58 this is before Dispatcher
2018/07/01 15:49:58 this is before CLOSE
2018/07/01 15:50:01 this is befor StartAll
2018/07/01 15:50:01 this is before Dispatcher
2018/07/01 15:50:01 this is before CLOSE
2018/07/01 15:50:04 this is befor StartAll
2018/07/01 15:50:04 this is before Dispatcher
2018/07/01 15:50:04 this is before CLOSE
2018/07/01 15:50:07 this is befor StartAll
2018/07/01 15:50:07 this is before Dispatcher
2018/07/01 15:50:07 this is before CLOSE
2018/07/01 15:50:10 this is befor StartAll
2018/07/01 15:50:10 this is before Dispatcher
2018/07/01 15:50:10 this is before CLOSE
2018/07/01 15:50:13 this is befor StartAll
2018/07/01 15:50:13 this is before Dispatcher
2018/07/01 15:50:13 this is before CLOSE
2018/07/01 15:50:16 this is befor StartAll
2018/07/01 15:50:16 this is before Dispatcher
2018/07/01 15:50:16 this is before CLOSE
2018/07/01 15:50:19 this is befor StartAll
2018/07/01 15:50:19 this is before Dispatcher
2018/07/01 15:50:19 this is before CLOSE
2018/07/01 15:50:22 this is befor StartAll
2018/07/01 15:50:22 this is before Dispatcher
2018/07/01 15:50:22 this is before CLOSE
2018/07/01 15:50:25 this is befor StartAll
2018/07/01 15:50:25 this is before Dispatcher
2018/07/01 15:50:25 this is before CLOSE
2018/07/01 15:50:28 this is befor StartAll
2018/07/01 15:50:28 this is before Dispatcher
2018/07/01 15:50:28 this is before CLOSE
2018/07/01 15:51:31 this is befor StartAll
2018/07/01 15:51:31 this is before Dispatcher
2018/07/01 15:51:31 this is before CLOSE
2018/07/01 15:51:34 this is befor StartAll
2018/07/01 15:51:34 this is before Dispatcher
2018/07/01 15:51:34 this is before CLOSE
2018/07/01 15:51:37 this is befor StartAll
2018/07/01 15:51:37 this is before Dispatcher
2018/07/01 15:51:37 this is before CLOSE
2018/07/01 15:51:40 this is befor StartAll
2018/07/01 15:51:40 this is before Dispatcher
2018/07/01 15:51:40 this is before CLOSE
2018/07/01 15:51:43 this is befor StartAll
2018/07/01 15:51:43 this is before Dispatcher
2018/07/01 15:51:43 this is before CLOSE
2018/07/01 15:51:46 this is befor StartAll
2018/07/01 15:51:46 this is before Dispatcher
2018/07/01 15:51:46 this is before CLOSE
2018/07/01 15:51:49 this is befor StartAll
2018/07/01 15:51:49 this is before Dispatcher
2018/07/01 15:51:49 this is before CLOSE
2018/07/01 15:51:52 this is befor StartAll
2018/07/01 15:51:52 this is before Dispatcher
2018/07/01 15:51:52 this is before CLOSE
2018/07/01 15:51:55 this is befor StartAll
2018/07/01 15:51:55 this is before Dispatcher
2018/07/01 15:51:55 this is before CLOSE
2018/07/01 15:51:58 this is befor StartAll
2018/07/01 15:51:58 this is before Dispatcher
2018/07/01 15:51:58 this is before CLOSE
2018/07/01 15:52:01 this is befor StartAll
2018/07/01 15:52:01 this is before Dispatcher
2018/07/01 15:52:01 this is before CLOSE
2018/07/01 15:52:04 this is befor StartAll
2018/07/01 15:52:04 this is before Dispatcher
2018/07/01 15:52:04 this is before CLOSE
2018/07/01 15:52:07 this is befor StartAll
2018/07/01 15:52:07 this is before Dispatcher
2018/07/01 15:52:07 this is before CLOSE
2018/07/01 15:52:09 Now length: 0
2018/07/01 15:52:09 New connction coming: 1
2018/07/01 15:52:10 this is befor StartAll
2018/07/01 15:52:10 this is before Dispatcher
2018/07/01 15:52:10 this is before CLOSE
2018/07/01 15:52:13 this is befor StartAll
2018/07/01 15:52:13 this is before Dispatcher
2018/07/01 15:52:13 this is before CLOSE
2018/07/01 15:52:16 this is befor StartAll
2018/07/01 15:52:16 this is before Dispatcher
2018/07/01 15:52:16 this is before CLOSE
2018/07/01 15:52:19 this is befor StartAll
2018/07/01 15:52:19 this is before Dispatcher
2018/07/01 15:52:19 this is before CLOSE
2018/07/01 15:52:22 this is befor StartAll
2018/07/01 15:52:22 this is before Dispatcher
2018/07/01 15:52:22 this is before CLOSE
2018/07/01 15:52:25 this is befor StartAll
2018/07/01 15:52:25 this is before Dispatcher
2018/07/01 15:52:25 this is before CLOSE
2018/07/01 15:52:28 this is befor StartAll
2018/07/01 15:52:28 this is before Dispatcher
2018/07/01 15:52:28 this is before CLOSE
2018/07/01 15:52:31 this is befor StartAll
2018/07/01 15:52:31 this is before Dispatcher
2018/07/01 15:52:31 this is before CLOSE
2018/07/01 15:52:34 this is befor StartAll
2018/07/01 15:52:34 this is before Dispatcher
2018/07/01 15:52:34 this is before CLOSE
2018/07/01 15:52:37 this is befor StartAll
2018/07/01 15:52:37 this is before Dispatcher
2018/07/01 15:52:37 this is before CLOSE
2018/07/01 15:52:40 this is befor StartAll
2018/07/01 15:52:40 this is before Dispatcher
2018/07/01 15:52:40 this is before CLOSE
2018/07/01 15:52:43 this is befor StartAll
2018/07/01 15:52:43 this is before Dispatcher
2018/07/01 15:52:43 this is before CLOSE
2018/07/01 15:52:46 this is befor StartAll
2018/07/01 15:52:46 this is before Dispatcher
2018/07/01 15:52:46 this is before CLOSE
2018/07/01 15:52:49 this is befor StartAll
2018/07/01 15:52:49 this is before Dispatcher
2018/07/01 15:52:49 this is before CLOSE
2018/07/01 15:52:52 this is befor StartAll
2018/07/01 15:52:52 this is before Dispatcher
2018/07/01 15:52:52 this is before CLOSE
2018/07/01 15:52:55 this is befor StartAll
2018/07/01 15:52:55 this is before Dispatcher
2018/07/01 15:52:55 this is before CLOSE
2018/07/01 15:52:58 this is befor StartAll
2018/07/01 15:52:58 this is before Dispatcher
2018/07/01 15:52:58 this is before CLOSE
2018/07/01 15:53:01 this is befor StartAll
2018/07/01 15:53:01 this is before Dispatcher
2018/07/01 15:53:01 this is before CLOSE
2018/07/01 15:53:04 this is befor StartAll
2018/07/01 15:53:04 this is before Dispatcher
2018/07/01 15:53:04 this is before CLOSE
2018/07/01 15:53:07 this is befor StartAll
2018/07/01 15:53:07 this is before Dispatcher
2018/07/01 15:53:07 this is before CLOSE
2018/07/01 15:53:10 this is befor StartAll
2018/07/01 15:53:10 this is before Dispatcher
2018/07/01 15:53:10 this is before CLOSE
2018/07/01 15:53:13 this is befor StartAll
2018/07/01 15:53:13 this is before Dispatcher
2018/07/01 15:53:13 this is before CLOSE
2018/07/01 15:53:16 this is befor StartAll
2018/07/01 15:53:16 this is before Dispatcher
2018/07/01 15:53:16 this is before CLOSE
2018/07/01 15:53:19 this is befor StartAll
2018/07/01 15:53:19 this is before Dispatcher
2018/07/01 15:53:19 this is before CLOSE
2018/07/01 15:53:22 this is befor StartAll
2018/07/01 15:53:22 this is before Dispatcher
2018/07/01 15:53:22 this is before CLOSE
2018/07/01 15:53:25 this is befor StartAll
2018/07/01 15:53:25 this is before Dispatcher
2018/07/01 15:53:25 this is before CLOSE
2018/07/01 15:53:28 this is befor StartAll
2018/07/01 15:53:28 this is before Dispatcher
2018/07/01 15:53:28 this is before CLOSE
2018/07/01 15:53:31 this is befor StartAll
2018/07/01 15:53:31 this is before Dispatcher
2018/07/01 15:53:31 this is before CLOSE
2018/07/01 15:53:34 this is befor StartAll
2018/07/01 15:53:34 this is before Dispatcher
2018/07/01 15:53:34 this is before CLOSE
2018/07/01 15:53:37 this is befor StartAll
2018/07/01 15:53:37 this is before Dispatcher
2018/07/01 15:53:37 this is before CLOSE
2018/07/01 15:53:40 this is befor StartAll
2018/07/01 15:53:40 this is before Dispatcher
2018/07/01 15:53:40 this is before CLOSE
2018/07/01 15:53:43 this is befor StartAll
2018/07/01 15:53:43 this is before Dispatcher
2018/07/01 15:53:43 this is before CLOSE
2018/07/01 15:53:46 this is befor StartAll
2018/07/01 15:53:46 this is before Dispatcher
2018/07/01 15:53:46 this is before CLOSE
2018/07/01 15:53:49 this is befor StartAll
2018/07/01 15:53:49 this is before Dispatcher
2018/07/01 15:53:49 this is before CLOSE
2018/07/01 15:53:52 this is befor StartAll
2018/07/01 15:53:52 this is before Dispatcher
2018/07/01 15:53:52 this is before CLOSE
2018/07/01 15:53:55 this is befor StartAll
2018/07/01 15:53:55 this is before Dispatcher
2018/07/01 15:53:55 this is before CLOSE
2018/07/01 15:53:58 this is befor StartAll
2018/07/01 15:53:58 this is before Dispatcher
2018/07/01 15:53:58 this is before CLOSE
2018/07/01 15:54:01 this is befor StartAll
2018/07/01 15:54:01 this is before Dispatcher
2018/07/01 15:54:01 this is before CLOSE
2018/07/01 15:54:04 this is befor StartAll
2018/07/01 15:54:04 this is before Dispatcher
2018/07/01 15:54:04 this is before CLOSE
2018/07/01 15:54:07 this is befor StartAll
2018/07/01 15:54:07 this is before Dispatcher
2018/07/01 15:54:07 this is before CLOSE
2018/07/01 15:54:10 this is befor StartAll
2018/07/01 15:54:10 this is before Dispatcher
2018/07/01 15:54:10 this is before CLOSE
2018/07/01 15:54:13 this is befor StartAll
2018/07/01 15:54:13 this is before Dispatcher
2018/07/01 15:54:13 this is before CLOSE
2018/07/01 15:54:16 this is befor StartAll
2018/07/01 15:54:16 this is before Dispatcher
2018/07/01 15:54:16 this is before CLOSE
2018/07/01 15:54:19 this is befor StartAll
2018/07/01 15:54:19 this is before Dispatcher
2018/07/01 15:54:19 this is before CLOSE
2018/07/01 15:54:22 this is befor StartAll
2018/07/01 15:54:22 this is before Dispatcher
2018/07/01 15:54:22 this is before CLOSE
2018/07/01 15:54:25 this is befor StartAll
2018/07/01 15:54:25 this is before Dispatcher
2018/07/01 15:54:25 this is before CLOSE
2018/07/01 15:54:28 this is befor StartAll
2018/07/01 15:54:28 this is before Dispatcher
2018/07/01 15:54:28 this is before CLOSE
2018/07/01 15:54:31 this is befor StartAll
2018/07/01 15:54:31 this is before Dispatcher
2018/07/01 15:54:31 this is before CLOSE
2018/07/01 15:54:34 this is befor StartAll
2018/07/01 15:54:34 this is before Dispatcher
2018/07/01 15:54:34 this is before CLOSE
2018/07/01 15:54:37 this is befor StartAll
2018/07/01 15:54:37 this is before Dispatcher
2018/07/01 15:54:37 this is before CLOSE
2018/07/01 15:54:40 this is befor StartAll
2018/07/01 15:54:40 this is before Dispatcher
2018/07/01 15:54:40 this is before CLOSE
2018/07/01 15:54:43 this is befor StartAll
2018/07/01 15:54:43 this is before Dispatcher
2018/07/01 15:54:43 this is before CLOSE
2018/07/01 15:54:46 this is befor StartAll
2018/07/01 15:54:46 this is before Dispatcher
2018/07/01 15:54:46 this is before CLOSE
2018/07/01 15:54:49 this is befor StartAll
2018/07/01 15:54:49 this is before Dispatcher
2018/07/01 15:54:49 this is before CLOSE
2018/07/01 15:54:52 this is befor StartAll
2018/07/01 15:54:52 this is before Dispatcher
2018/07/01 15:54:52 this is before CLOSE
2018/07/01 15:54:55 this is befor StartAll
2018/07/01 15:54:55 this is before Dispatcher
2018/07/01 15:54:55 this is before CLOSE
2018/07/01 15:54:58 this is befor StartAll
2018/07/01 15:54:58 this is before Dispatcher
2018/07/01 15:54:58 this is before CLOSE
2018/07/01 15:55:01 this is befor StartAll
2018/07/01 15:55:01 this is before Dispatcher
2018/07/01 15:55:01 this is before CLOSE
2018/07/01 15:55:04 this is befor StartAll
2018/07/01 15:55:04 this is before Dispatcher
2018/07/01 15:55:04 this is before CLOSE
2018/07/01 15:55:07 this is befor StartAll
2018/07/01 15:55:07 this is before Dispatcher
2018/07/01 15:55:07 this is before CLOSE
2018/07/01 15:55:10 this is befor StartAll
2018/07/01 15:55:10 this is before Dispatcher
2018/07/01 15:55:10 this is before CLOSE
2018/07/01 15:55:13 this is befor StartAll
2018/07/01 15:55:13 this is before Dispatcher
2018/07/01 15:55:13 this is before CLOSE
2018/07/01 15:55:16 this is befor StartAll
2018/07/01 15:55:16 this is before Dispatcher
2018/07/01 15:55:16 this is before CLOSE
2018/07/01 15:55:19 this is befor StartAll
2018/07/01 15:55:19 this is before Dispatcher
2018/07/01 15:55:19 this is before CLOSE
2018/07/01 15:55:22 this is befor StartAll
2018/07/01 15:55:22 this is before Dispatcher
2018/07/01 15:55:22 this is before CLOSE
2018/07/01 15:55:25 this is befor StartAll
2018/07/01 15:55:25 this is before Dispatcher
2018/07/01 15:55:25 this is before CLOSE
2018/07/01 15:55:28 this is befor StartAll
2018/07/01 15:55:28 this is before Dispatcher
2018/07/01 15:55:28 this is before CLOSE
2018/07/01 15:55:31 this is befor StartAll
2018/07/01 15:55:31 this is before Dispatcher
2018/07/01 15:55:31 this is before CLOSE
2018/07/01 15:55:34 this is befor StartAll
2018/07/01 15:55:34 this is before Dispatcher
2018/07/01 15:55:34 this is before CLOSE
2018/07/01 15:55:37 this is befor StartAll
2018/07/01 15:55:37 this is before Dispatcher
2018/07/01 15:55:37 this is before CLOSE
2018/07/01 15:55:40 this is befor StartAll
2018/07/01 15:55:40 this is before Dispatcher
2018/07/01 15:55:40 this is before CLOSE
2018/07/01 15:55:43 this is befor StartAll
2018/07/01 15:55:43 this is before Dispatcher
2018/07/01 15:55:43 this is before CLOSE
2018/07/01 15:55:46 this is befor StartAll
2018/07/01 15:55:46 this is before Dispatcher
2018/07/01 15:55:46 this is before CLOSE
2018/07/01 15:55:49 this is befor StartAll
2018/07/01 15:55:49 this is before Dispatcher
2018/07/01 15:55:49 this is before CLOSE
2018/07/01 15:55:52 this is befor StartAll
2018/07/01 15:55:52 this is before Dispatcher
2018/07/01 15:55:52 this is before CLOSE
2018/07/01 15:55:55 this is befor StartAll
2018/07/01 15:55:55 this is before Dispatcher
2018/07/01 15:55:55 this is before CLOSE
2018/07/01 15:55:58 this is befor StartAll
2018/07/01 15:55:58 this is before Dispatcher
2018/07/01 15:55:58 this is before CLOSE
2018/07/01 15:56:01 this is befor StartAll
2018/07/01 15:56:01 this is before Dispatcher
2018/07/01 15:56:01 this is before CLOSE
2018/07/01 15:56:04 this is befor StartAll
2018/07/01 15:56:04 this is before Dispatcher
2018/07/01 15:56:04 this is before CLOSE
2018/07/01 15:56:07 this is befor StartAll
2018/07/01 15:56:07 this is before Dispatcher
2018/07/01 15:56:07 this is before CLOSE
2018/07/01 15:56:10 this is befor StartAll
2018/07/01 15:56:10 this is before Dispatcher
2018/07/01 15:56:10 this is before CLOSE
2018/07/01 15:56:13 this is befor StartAll
2018/07/01 15:56:13 this is before Dispatcher
2018/07/01 15:56:13 this is before CLOSE
2018/07/01 15:56:16 this is befor StartAll
2018/07/01 15:56:16 this is before Dispatcher
2018/07/01 15:56:16 this is before CLOSE
2018/07/01 15:56:19 this is befor StartAll
2018/07/01 15:56:19 this is before Dispatcher
2018/07/01 15:56:19 this is before CLOSE
2018/07/01 15:56:22 this is befor StartAll
2018/07/01 15:56:22 this is before Dispatcher
2018/07/01 15:56:22 this is before CLOSE
2018/07/01 15:56:25 this is befor StartAll
2018/07/01 15:56:25 this is before Dispatcher
2018/07/01 15:56:25 this is before CLOSE
2018/07/01 15:56:28 this is befor StartAll
2018/07/01 15:56:28 this is before Dispatcher
2018/07/01 15:56:28 this is before CLOSE
2018/07/01 15:56:31 this is befor StartAll
2018/07/01 15:56:31 this is before Dispatcher
2018/07/01 15:56:31 this is before CLOSE
2018/07/01 15:56:34 this is befor StartAll
2018/07/01 15:56:34 this is before Dispatcher
2018/07/01 15:56:34 this is before CLOSE
2018/07/01 15:56:37 this is befor StartAll
2018/07/01 15:56:37 this is before Dispatcher
2018/07/01 15:56:37 this is before CLOSE
2018/07/01 15:56:40 this is befor StartAll
2018/07/01 15:56:40 this is before Dispatcher
2018/07/01 15:56:40 this is before CLOSE
2018/07/01 15:56:43 this is befor StartAll
2018/07/01 15:56:43 this is before Dispatcher
2018/07/01 15:56:43 this is before CLOSE
2018/07/01 15:56:46 this is befor StartAll
2018/07/01 15:56:46 this is before Dispatcher
2018/07/01 15:56:46 this is before CLOSE
2018/07/01 15:56:49 this is befor StartAll
2018/07/01 15:56:49 this is before Dispatcher
2018/07/01 15:56:49 this is before CLOSE
2018/07/01 15:56:52 this is befor StartAll
2018/07/01 15:56:52 this is before Dispatcher
2018/07/01 15:56:52 this is before CLOSE
2018/07/01 15:56:55 this is befor StartAll
2018/07/01 15:56:55 this is before Dispatcher
2018/07/01 15:56:55 this is before CLOSE
2018/07/01 15:56:58 this is befor StartAll
2018/07/01 15:56:58 this is before Dispatcher
2018/07/01 15:56:58 this is before CLOSE
2018/07/01 15:57:01 this is befor StartAll
2018/07/01 15:57:01 this is before Dispatcher
2018/07/01 15:57:01 this is before CLOSE
2018/07/01 15:57:04 this is befor StartAll
2018/07/01 15:57:04 this is before Dispatcher
2018/07/01 15:57:04 this is before CLOSE
2018/07/01 15:57:07 this is befor StartAll
2018/07/01 15:57:07 this is before Dispatcher
2018/07/01 15:57:07 this is before CLOSE
2018/07/01 15:57:10 this is befor StartAll
2018/07/01 15:57:10 this is before Dispatcher
2018/07/01 15:57:10 this is before CLOSE
2018/07/01 15:57:13 this is befor StartAll
2018/07/01 15:57:13 this is before Dispatcher
2018/07/01 15:57:13 this is before CLOSE
2018/07/01 15:57:16 this is befor StartAll
2018/07/01 15:57:16 this is before Dispatcher
2018/07/01 15:57:16 this is before CLOSE
2018/07/01 15:57:19 this is befor StartAll
2018/07/01 15:57:19 this is before Dispatcher
2018/07/01 15:57:19 this is before CLOSE
2018/07/01 15:57:22 this is befor StartAll
2018/07/01 15:57:22 this is before Dispatcher
2018/07/01 15:57:22 this is before CLOSE
2018/07/01 15:57:25 this is befor StartAll
2018/07/01 15:57:25 this is before Dispatcher
2018/07/01 15:57:25 this is before CLOSE
2018/07/01 15:57:28 this is befor StartAll
2018/07/01 15:57:28 this is before Dispatcher
2018/07/01 15:57:28 this is before CLOSE
2018/07/01 15:57:31 this is befor StartAll
2018/07/01 15:57:31 this is before Dispatcher
2018/07/01 15:57:31 this is before CLOSE
2018/07/01 15:57:34 this is befor StartAll
2018/07/01 15:57:34 this is before Dispatcher
2018/07/01 15:57:34 this is before CLOSE
2018/07/01 15:57:37 this is befor StartAll
2018/07/01 15:57:37 this is before Dispatcher
2018/07/01 15:57:37 this is before CLOSE
2018/07/01 15:57:40 this is befor StartAll
2018/07/01 15:57:40 this is before Dispatcher
2018/07/01 15:57:40 this is before CLOSE
2018/07/01 15:57:43 this is befor StartAll
2018/07/01 15:57:43 this is before Dispatcher
2018/07/01 15:57:43 this is before CLOSE
2018/07/01 15:57:46 this is befor StartAll
2018/07/01 15:57:46 this is before Dispatcher
2018/07/01 15:57:46 this is before CLOSE
2018/07/01 15:57:49 this is befor StartAll
2018/07/01 15:57:49 this is before Dispatcher
2018/07/01 15:57:49 this is before CLOSE
2018/07/01 15:57:52 this is befor StartAll
2018/07/01 15:57:52 this is before Dispatcher
2018/07/01 15:57:52 this is before CLOSE
2018/07/01 15:57:55 this is befor StartAll
2018/07/01 15:57:55 this is before Dispatcher
2018/07/01 15:57:55 this is before CLOSE
2018/07/01 15:57:58 this is befor StartAll
2018/07/01 15:57:58 this is before Dispatcher
2018/07/01 15:57:58 this is before CLOSE
2018/07/01 15:58:01 this is befor StartAll
2018/07/01 15:58:01 this is before Dispatcher
2018/07/01 15:58:01 this is before CLOSE
2018/07/01 15:58:04 this is befor StartAll
2018/07/01 15:58:04 this is before Dispatcher
2018/07/01 15:58:04 this is before CLOSE
2018/07/01 15:58:07 this is befor StartAll
2018/07/01 15:58:07 this is before Dispatcher
2018/07/01 15:58:07 this is before CLOSE
2018/07/01 15:58:10 this is befor StartAll
2018/07/01 15:58:10 this is before Dispatcher
2018/07/01 15:58:10 this is before CLOSE
2018/07/01 15:58:13 this is befor StartAll
2018/07/01 15:58:13 this is before Dispatcher
2018/07/01 15:58:13 this is before CLOSE
2018/07/01 15:58:16 this is befor StartAll
2018/07/01 15:58:16 this is before Dispatcher
2018/07/01 15:58:16 this is before CLOSE
2018/07/01 15:58:19 this is befor StartAll
2018/07/01 15:58:19 this is before Dispatcher
2018/07/01 15:58:19 this is before CLOSE
2018/07/01 15:58:22 this is befor StartAll
2018/07/01 15:58:22 this is before Dispatcher
2018/07/01 15:58:22 this is before CLOSE
2018/07/01 15:58:25 this is befor StartAll
2018/07/01 15:58:25 this is before Dispatcher
2018/07/01 15:58:25 this is before CLOSE
2018/07/01 15:58:28 this is befor StartAll
2018/07/01 15:58:28 this is before Dispatcher
2018/07/01 15:58:28 this is before CLOSE
2018/07/01 15:58:31 this is befor StartAll
2018/07/01 15:58:31 this is before Dispatcher
2018/07/01 15:58:31 this is before CLOSE
2018/07/01 15:58:34 this is befor StartAll
2018/07/01 15:58:34 this is before Dispatcher
2018/07/01 15:58:34 this is before CLOSE
2018/07/01 15:58:37 this is befor StartAll
2018/07/01 15:58:37 this is before Dispatcher
2018/07/01 15:58:37 this is before CLOSE
2018/07/01 15:58:40 this is befor StartAll
2018/07/01 15:58:40 this is before Dispatcher
2018/07/01 15:58:40 this is before CLOSE
2018/07/01 15:58:43 this is befor StartAll
2018/07/01 15:58:43 this is before Dispatcher
2018/07/01 15:58:43 this is before CLOSE
2018/07/01 15:58:46 this is befor StartAll
2018/07/01 15:58:46 this is before Dispatcher
2018/07/01 15:58:46 this is before CLOSE
2018/07/01 15:58:49 this is befor StartAll
2018/07/01 15:58:49 this is before Dispatcher
2018/07/01 15:58:49 this is before CLOSE
2018/07/01 15:58:52 this is befor StartAll
2018/07/01 15:58:52 this is before Dispatcher
2018/07/01 15:58:52 this is before CLOSE
2018/07/01 15:58:55 this is befor StartAll
2018/07/01 15:58:55 this is before Dispatcher
2018/07/01 15:58:55 this is before CLOSE
2018/07/01 15:58:58 this is befor StartAll
2018/07/01 15:58:58 this is before Dispatcher
2018/07/01 15:58:58 this is before CLOSE
2018/07/01 15:59:01 this is befor StartAll
2018/07/01 15:59:01 this is before Dispatcher
2018/07/01 15:59:01 this is before CLOSE
2018/07/01 15:59:04 this is befor StartAll
2018/07/01 15:59:04 this is before Dispatcher
2018/07/01 15:59:04 this is before CLOSE
2018/07/01 15:59:07 this is befor StartAll
2018/07/01 15:59:07 this is before Dispatcher
2018/07/01 15:59:07 this is before CLOSE
2018/07/01 15:59:10 this is befor StartAll
2018/07/01 15:59:10 this is before Dispatcher
2018/07/01 15:59:10 this is before CLOSE
2018/07/01 15:59:13 this is befor StartAll
2018/07/01 15:59:13 this is before Dispatcher
2018/07/01 15:59:13 this is before CLOSE
2018/07/01 15:59:16 this is befor StartAll
2018/07/01 15:59:16 this is before Dispatcher
2018/07/01 15:59:16 this is before CLOSE
2018/07/01 15:59:19 this is befor StartAll
2018/07/01 15:59:19 this is before Dispatcher
2018/07/01 15:59:19 this is before CLOSE
2018/07/01 15:59:22 this is befor StartAll
2018/07/01 15:59:22 this is before Dispatcher
2018/07/01 15:59:22 this is before CLOSE
2018/07/01 15:59:25 this is befor StartAll
2018/07/01 15:59:25 this is before Dispatcher
2018/07/01 15:59:25 this is before CLOSE
2018/07/01 15:59:28 this is befor StartAll
2018/07/01 15:59:28 this is before Dispatcher
2018/07/01 15:59:28 this is before CLOSE
2018/07/01 15:59:31 this is befor StartAll
2018/07/01 15:59:31 this is before Dispatcher
2018/07/01 15:59:31 this is before CLOSE
2018/07/01 15:59:34 this is befor StartAll
2018/07/01 15:59:34 this is before Dispatcher
2018/07/01 15:59:34 this is before CLOSE
2018/07/01 15:59:37 this is befor StartAll
2018/07/01 15:59:37 this is before Dispatcher
2018/07/01 15:59:37 this is before CLOSE
2018/07/01 15:59:40 this is befor StartAll
2018/07/01 15:59:40 this is before Dispatcher
2018/07/01 15:59:40 this is before CLOSE
2018/07/01 15:59:43 this is befor StartAll
2018/07/01 15:59:43 this is before Dispatcher
2018/07/01 15:59:43 this is before CLOSE
2018/07/01 15:59:46 this is befor StartAll
2018/07/01 15:59:46 this is before Dispatcher
2018/07/01 15:59:46 this is before CLOSE
2018/07/01 15:59:49 this is befor StartAll
2018/07/01 15:59:49 this is before Dispatcher
2018/07/01 15:59:49 this is before CLOSE
2018/07/01 15:59:52 this is befor StartAll
2018/07/01 15:59:52 this is before Dispatcher
2018/07/01 15:59:52 this is before CLOSE
2018/07/01 15:59:55 this is befor StartAll
2018/07/01 15:59:55 this is before Dispatcher
2018/07/01 15:59:55 this is before CLOSE
2018/07/01 15:59:58 this is befor StartAll
2018/07/01 15:59:58 this is before Dispatcher
2018/07/01 15:59:58 this is before CLOSE
2018/07/01 16:00:01 this is befor StartAll
2018/07/01 16:00:01 this is before Dispatcher
2018/07/01 16:00:01 this is before CLOSE
2018/07/01 16:00:04 this is befor StartAll
2018/07/01 16:00:04 this is before Dispatcher
2018/07/01 16:00:04 this is before CLOSE
2018/07/01 16:00:07 this is befor StartAll
2018/07/01 16:00:07 this is before Dispatcher
2018/07/01 16:00:07 this is before CLOSE
2018/07/01 16:00:10 this is befor StartAll
2018/07/01 16:00:10 this is before Dispatcher
2018/07/01 16:00:10 this is before CLOSE
2018/07/01 16:00:13 this is befor StartAll
2018/07/01 16:00:13 this is before Dispatcher
2018/07/01 16:00:13 this is before CLOSE
2018/07/01 16:00:16 this is befor StartAll
2018/07/01 16:00:16 this is before Dispatcher
2018/07/01 16:00:16 this is before CLOSE
2018/07/01 16:00:19 this is befor StartAll
2018/07/01 16:00:19 this is before Dispatcher
2018/07/01 16:00:19 this is before CLOSE
2018/07/01 16:00:22 this is befor StartAll
2018/07/01 16:00:22 this is before Dispatcher
2018/07/01 16:00:22 this is before CLOSE
2018/07/01 16:00:25 this is befor StartAll
2018/07/01 16:00:25 this is before Dispatcher
2018/07/01 16:00:25 this is before CLOSE
2018/07/01 16:00:28 this is befor StartAll
2018/07/01 16:00:28 this is before Dispatcher
2018/07/01 16:00:28 this is before CLOSE
2018/07/01 16:00:31 this is befor StartAll
2018/07/01 16:00:31 this is before Dispatcher
2018/07/01 16:00:31 this is before CLOSE
2018/07/01 16:00:34 this is befor StartAll
2018/07/01 16:00:34 this is before Dispatcher
2018/07/01 16:00:34 this is before CLOSE
2018/07/01 16:00:37 this is befor StartAll
2018/07/01 16:00:37 this is before Dispatcher
2018/07/01 16:00:37 this is before CLOSE
2018/07/01 16:00:40 this is befor StartAll
2018/07/01 16:00:40 this is before Dispatcher
2018/07/01 16:00:40 this is before CLOSE
2018/07/01 16:00:43 this is befor StartAll
2018/07/01 16:00:43 this is before Dispatcher
2018/07/01 16:00:43 this is before CLOSE
2018/07/01 16:00:46 this is befor StartAll
2018/07/01 16:00:46 this is before Dispatcher
2018/07/01 16:00:46 this is before CLOSE
2018/07/01 16:00:49 this is befor StartAll
2018/07/01 16:00:49 this is before Dispatcher
2018/07/01 16:00:49 this is before CLOSE
2018/07/01 16:00:52 this is befor StartAll
2018/07/01 16:00:52 this is before Dispatcher
2018/07/01 16:00:52 this is before CLOSE
2018/07/01 16:00:55 this is befor StartAll
2018/07/01 16:00:55 this is before Dispatcher
2018/07/01 16:00:55 this is before CLOSE
2018/07/01 16:00:58 this is befor StartAll
2018/07/01 16:00:58 this is before Dispatcher
2018/07/01 16:00:58 this is before CLOSE
2018/07/01 16:01:01 this is befor StartAll
2018/07/01 16:01:01 this is before Dispatcher
2018/07/01 16:01:01 this is before CLOSE
2018/07/01 16:01:04 this is befor StartAll
2018/07/01 16:01:04 this is before Dispatcher
2018/07/01 16:01:04 this is before CLOSE
2018/07/01 16:01:07 this is befor StartAll
2018/07/01 16:01:07 this is before Dispatcher
2018/07/01 16:01:07 this is before CLOSE
2018/07/01 16:01:10 this is befor StartAll
2018/07/01 16:01:10 this is before Dispatcher
2018/07/01 16:01:10 this is before CLOSE
2018/07/01 16:01:13 this is befor StartAll
2018/07/01 16:01:13 this is before Dispatcher
2018/07/01 16:01:13 this is before CLOSE
2018/07/01 16:01:16 this is befor StartAll
2018/07/01 16:01:16 this is before Dispatcher
2018/07/01 16:01:16 this is before CLOSE
2018/07/01 16:01:19 this is befor StartAll
2018/07/01 16:01:19 this is before Dispatcher
2018/07/01 16:01:19 this is before CLOSE
2018/07/01 16:01:22 this is befor StartAll
2018/07/01 16:01:22 this is before Dispatcher
2018/07/01 16:01:22 this is before CLOSE
2018/07/01 16:01:25 this is befor StartAll
2018/07/01 16:01:25 this is before Dispatcher
2018/07/01 16:01:25 this is before CLOSE
2018/07/01 16:01:28 this is befor StartAll
2018/07/01 16:01:28 this is before Dispatcher
2018/07/01 16:01:28 this is before CLOSE
2018/07/01 16:01:31 this is befor StartAll
2018/07/01 16:01:31 this is before Dispatcher
2018/07/01 16:01:31 this is before CLOSE
2018/07/01 16:01:34 this is befor StartAll
2018/07/01 16:01:34 this is before Dispatcher
2018/07/01 16:01:34 this is before CLOSE
2018/07/01 16:01:37 this is befor StartAll
2018/07/01 16:01:37 this is before Dispatcher
2018/07/01 16:01:37 this is before CLOSE
2018/07/01 16:01:40 this is befor StartAll
2018/07/01 16:01:40 this is before Dispatcher
2018/07/01 16:01:40 this is before CLOSE
2018/07/01 16:01:43 this is befor StartAll
2018/07/01 16:01:43 this is before Dispatcher
2018/07/01 16:01:43 this is before CLOSE
2018/07/01 16:01:46 this is befor StartAll
2018/07/01 16:01:46 this is before Dispatcher
2018/07/01 16:01:46 this is before CLOSE
2018/07/01 16:01:49 this is befor StartAll
2018/07/01 16:01:49 this is before Dispatcher
2018/07/01 16:01:49 this is before CLOSE
2018/07/01 16:01:52 this is befor StartAll
2018/07/01 16:01:52 this is before Dispatcher
2018/07/01 16:01:52 this is before CLOSE
2018/07/01 16:01:55 this is befor StartAll
2018/07/01 16:01:55 this is before Dispatcher
2018/07/01 16:01:55 this is before CLOSE
2018/07/01 16:01:58 this is befor StartAll
2018/07/01 16:01:58 this is before Dispatcher
2018/07/01 16:01:58 this is before CLOSE
2018/07/01 16:02:01 this is befor StartAll
2018/07/01 16:02:01 this is before Dispatcher
2018/07/01 16:02:01 this is before CLOSE
2018/07/01 16:02:04 this is befor StartAll
2018/07/01 16:02:04 this is before Dispatcher
2018/07/01 16:02:04 this is before CLOSE
2018/07/01 16:02:07 this is befor StartAll
2018/07/01 16:02:07 this is before Dispatcher
2018/07/01 16:02:07 this is before CLOSE
2018/07/01 16:02:10 this is befor StartAll
2018/07/01 16:02:10 this is before Dispatcher
2018/07/01 16:02:10 this is before CLOSE
2018/07/01 16:02:13 this is befor StartAll
2018/07/01 16:02:13 this is before Dispatcher
2018/07/01 16:02:13 this is before CLOSE
2018/07/01 16:02:16 this is befor StartAll
2018/07/01 16:02:16 this is before Dispatcher
2018/07/01 16:02:16 this is before CLOSE
2018/07/01 16:02:19 this is befor StartAll
2018/07/01 16:02:19 this is before Dispatcher
2018/07/01 16:02:19 this is before CLOSE
2018/07/01 16:02:22 this is befor StartAll
2018/07/01 16:02:22 this is before Dispatcher
2018/07/01 16:02:22 this is before CLOSE
2018/07/01 16:02:25 this is befor StartAll
2018/07/01 16:02:25 this is before Dispatcher
2018/07/01 16:02:25 this is before CLOSE
2018/07/01 16:02:28 this is befor StartAll
2018/07/01 16:02:28 this is before Dispatcher
2018/07/01 16:02:28 this is before CLOSE
2018/07/01 16:02:31 this is befor StartAll
2018/07/01 16:02:31 this is before Dispatcher
2018/07/01 16:02:31 this is before CLOSE
2018/07/01 16:02:34 this is befor StartAll
2018/07/01 16:02:34 this is before Dispatcher
2018/07/01 16:02:34 this is before CLOSE
2018/07/01 16:02:37 this is befor StartAll
2018/07/01 16:02:37 this is before Dispatcher
2018/07/01 16:02:37 this is before CLOSE
2018/07/01 16:02:40 this is befor StartAll
2018/07/01 16:02:40 this is before Dispatcher
2018/07/01 16:02:40 this is before CLOSE
2018/07/01 16:02:43 this is befor StartAll
2018/07/01 16:02:43 this is before Dispatcher
2018/07/01 16:02:43 this is before CLOSE
2018/07/01 16:02:46 this is befor StartAll
2018/07/01 16:02:46 this is before Dispatcher
2018/07/01 16:02:46 this is before CLOSE
2018/07/01 16:02:49 this is befor StartAll
2018/07/01 16:02:49 this is before Dispatcher
2018/07/01 16:02:49 this is before CLOSE
2018/07/01 16:02:52 this is befor StartAll
2018/07/01 16:02:52 this is before Dispatcher
2018/07/01 16:02:52 this is before CLOSE
2018/07/01 16:02:55 this is befor StartAll
2018/07/01 16:02:55 this is before Dispatcher
2018/07/01 16:02:55 this is before CLOSE
2018/07/01 16:02:58 this is befor StartAll
2018/07/01 16:02:58 this is before Dispatcher
2018/07/01 16:02:58 this is before CLOSE
2018/07/01 16:03:01 this is befor StartAll
2018/07/01 16:03:01 this is before Dispatcher
2018/07/01 16:03:01 this is before CLOSE
2018/07/01 16:03:04 this is befor StartAll
2018/07/01 16:03:04 this is before Dispatcher
2018/07/01 16:03:04 this is before CLOSE
2018/07/01 16:03:07 this is befor StartAll
2018/07/01 16:03:07 this is before Dispatcher
2018/07/01 16:03:07 this is before CLOSE
2018/07/01 16:03:10 this is befor StartAll
2018/07/01 16:03:10 this is before Dispatcher
2018/07/01 16:03:10 this is before CLOSE
2018/07/01 16:03:13 this is befor StartAll
2018/07/01 16:03:13 this is before Dispatcher
2018/07/01 16:03:13 this is before CLOSE
2018/07/01 16:03:16 this is befor StartAll
2018/07/01 16:03:16 this is before Dispatcher
2018/07/01 16:03:16 this is before CLOSE
2018/07/01 16:03:19 this is befor StartAll
2018/07/01 16:03:19 this is before Dispatcher
2018/07/01 16:03:19 this is before CLOSE
2018/07/01 16:03:22 this is befor StartAll
2018/07/01 16:03:22 this is before Dispatcher
2018/07/01 16:03:22 this is before CLOSE
2018/07/01 16:03:25 this is befor StartAll
2018/07/01 16:03:25 this is before Dispatcher
2018/07/01 16:03:25 this is before CLOSE
2018/07/01 16:03:28 this is befor StartAll
2018/07/01 16:03:28 this is before Dispatcher
2018/07/01 16:03:28 this is before CLOSE
2018/07/01 16:03:31 this is befor StartAll
2018/07/01 16:03:31 this is before Dispatcher
2018/07/01 16:03:31 this is before CLOSE
2018/07/01 16:03:34 this is befor StartAll
2018/07/01 16:03:34 this is before Dispatcher
2018/07/01 16:03:34 this is before CLOSE
2018/07/01 16:03:37 this is befor StartAll
2018/07/01 16:03:37 this is before Dispatcher
2018/07/01 16:03:37 this is before CLOSE
2018/07/01 16:03:40 this is befor StartAll
2018/07/01 16:03:40 this is before Dispatcher
2018/07/01 16:03:40 this is before CLOSE
2018/07/01 16:03:43 this is befor StartAll
2018/07/01 16:03:43 this is before Dispatcher
2018/07/01 16:03:43 this is before CLOSE
2018/07/01 16:03:46 this is befor StartAll
2018/07/01 16:03:46 this is before Dispatcher
2018/07/01 16:03:46 this is before CLOSE
2018/07/01 16:03:49 this is befor StartAll
2018/07/01 16:03:49 this is before Dispatcher
2018/07/01 16:03:49 this is before CLOSE
2018/07/01 16:03:52 this is befor StartAll
2018/07/01 16:03:52 this is before Dispatcher
2018/07/01 16:03:52 this is before CLOSE
2018/07/01 16:03:55 this is befor StartAll
2018/07/01 16:03:55 this is before Dispatcher
2018/07/01 16:03:55 this is before CLOSE
2018/07/01 16:03:58 this is befor StartAll
2018/07/01 16:03:58 this is before Dispatcher
2018/07/01 16:03:58 this is before CLOSE
2018/07/01 16:04:01 this is befor StartAll
2018/07/01 16:04:01 this is before Dispatcher
2018/07/01 16:04:01 this is before CLOSE
2018/07/01 16:04:04 this is befor StartAll
2018/07/01 16:04:04 this is before Dispatcher
2018/07/01 16:04:04 this is before CLOSE
2018/07/01 16:04:07 this is befor StartAll
2018/07/01 16:04:07 this is before Dispatcher
2018/07/01 16:04:07 this is before CLOSE
2018/07/01 16:04:10 this is befor StartAll
2018/07/01 16:04:10 this is before Dispatcher
2018/07/01 16:04:10 this is before CLOSE
2018/07/01 16:04:13 this is befor StartAll
2018/07/01 16:04:13 this is before Dispatcher
2018/07/01 16:04:13 this is before CLOSE
2018/07/01 16:04:16 this is befor StartAll
2018/07/01 16:04:16 this is before Dispatcher
2018/07/01 16:04:16 this is before CLOSE
2018/07/01 16:04:19 this is befor StartAll
2018/07/01 16:04:19 this is before Dispatcher
2018/07/01 16:04:19 this is before CLOSE
2018/07/01 16:04:22 this is befor StartAll
2018/07/01 16:04:22 this is before Dispatcher
2018/07/01 16:04:22 this is before CLOSE
2018/07/01 16:04:25 this is befor StartAll
2018/07/01 16:04:25 this is before Dispatcher
2018/07/01 16:04:25 this is before CLOSE
2018/07/01 16:04:28 this is befor StartAll
2018/07/01 16:04:28 this is before Dispatcher
2018/07/01 16:04:28 this is before CLOSE
2018/07/01 16:04:31 this is befor StartAll
2018/07/01 16:04:31 this is before Dispatcher
2018/07/01 16:04:31 this is before CLOSE
2018/07/01 16:04:34 this is befor StartAll
2018/07/01 16:04:34 this is before Dispatcher
2018/07/01 16:04:34 this is before CLOSE
2018/07/01 16:04:37 this is befor StartAll
2018/07/01 16:04:37 this is before Dispatcher
2018/07/01 16:04:37 this is before CLOSE
2018/07/01 16:04:40 this is befor StartAll
2018/07/01 16:04:40 this is before Dispatcher
2018/07/01 16:04:40 this is before CLOSE
2018/07/01 16:04:43 this is befor StartAll
2018/07/01 16:04:43 this is before Dispatcher
2018/07/01 16:04:43 this is before CLOSE
2018/07/01 16:04:46 this is befor StartAll
2018/07/01 16:04:46 this is before Dispatcher
2018/07/01 16:04:46 this is before CLOSE
2018/07/01 16:04:49 this is befor StartAll
2018/07/01 16:04:49 this is before Dispatcher
2018/07/01 16:04:49 this is before CLOSE
2018/07/01 16:04:52 this is befor StartAll
2018/07/01 16:04:52 this is before Dispatcher
2018/07/01 16:04:52 this is before CLOSE
2018/07/01 16:04:55 this is befor StartAll
2018/07/01 16:04:55 this is before Dispatcher
2018/07/01 16:04:55 this is before CLOSE
2018/07/01 16:04:58 this is befor StartAll
2018/07/01 16:04:58 this is before Dispatcher
2018/07/01 16:04:58 this is before CLOSE
2018/07/01 16:05:01 this is befor StartAll
2018/07/01 16:05:01 this is before Dispatcher
2018/07/01 16:05:01 this is before CLOSE
2018/07/01 16:05:04 this is befor StartAll
2018/07/01 16:05:04 this is before Dispatcher
2018/07/01 16:05:04 this is before CLOSE
2018/07/01 16:05:07 this is befor StartAll
2018/07/01 16:05:07 this is before Dispatcher
2018/07/01 16:05:07 this is before CLOSE
2018/07/01 16:05:10 this is befor StartAll
2018/07/01 16:05:10 this is before Dispatcher
2018/07/01 16:05:10 this is before CLOSE
2018/07/01 16:05:13 this is befor StartAll
2018/07/01 16:05:13 this is before Dispatcher
2018/07/01 16:05:13 this is before CLOSE
2018/07/01 16:05:16 this is befor StartAll
2018/07/01 16:05:16 this is before Dispatcher
2018/07/01 16:05:16 this is before CLOSE
2018/07/01 16:05:19 this is befor StartAll
2018/07/01 16:05:19 this is before Dispatcher
2018/07/01 16:05:19 this is before CLOSE
2018/07/01 16:05:22 this is befor StartAll
2018/07/01 16:05:22 this is before Dispatcher
2018/07/01 16:05:22 this is before CLOSE
2018/07/01 16:05:25 this is befor StartAll
2018/07/01 16:05:25 this is before Dispatcher
2018/07/01 16:05:25 this is before CLOSE
2018/07/01 16:05:28 this is befor StartAll
2018/07/01 16:05:28 this is before Dispatcher
2018/07/01 16:05:28 this is before CLOSE
2018/07/01 16:05:31 this is befor StartAll
2018/07/01 16:05:31 this is before Dispatcher
2018/07/01 16:05:31 this is before CLOSE
2018/07/01 16:05:34 this is befor StartAll
2018/07/01 16:05:34 this is before Dispatcher
2018/07/01 16:05:34 this is before CLOSE
2018/07/01 16:05:37 this is befor StartAll
2018/07/01 16:05:37 this is before Dispatcher
2018/07/01 16:05:37 this is before CLOSE
2018/07/01 16:05:40 this is befor StartAll
2018/07/01 16:05:40 this is before Dispatcher
2018/07/01 16:05:40 this is before CLOSE
2018/07/01 16:05:43 this is befor StartAll
2018/07/01 16:05:43 this is before Dispatcher
2018/07/01 16:05:43 this is before CLOSE
2018/07/01 16:05:46 this is befor StartAll
2018/07/01 16:05:46 this is before Dispatcher
2018/07/01 16:05:46 this is before CLOSE
2018/07/01 16:05:49 this is befor StartAll
2018/07/01 16:05:49 this is before Dispatcher
2018/07/01 16:05:49 this is before CLOSE
2018/07/01 16:05:52 this is befor StartAll
2018/07/01 16:05:52 this is before Dispatcher
2018/07/01 16:05:52 this is before CLOSE
2018/07/01 16:05:55 this is befor StartAll
2018/07/01 16:05:55 this is before Dispatcher
2018/07/01 16:05:55 this is before CLOSE
2018/07/01 16:05:58 this is befor StartAll
2018/07/01 16:05:58 this is before Dispatcher
2018/07/01 16:05:58 this is before CLOSE
2018/07/01 16:06:01 this is befor StartAll
2018/07/01 16:06:01 this is before Dispatcher
2018/07/01 16:06:01 this is before CLOSE
2018/07/01 16:06:04 this is befor StartAll
2018/07/01 16:06:04 this is before Dispatcher
2018/07/01 16:06:04 this is before CLOSE
2018/07/01 16:06:07 this is befor StartAll
2018/07/01 16:06:07 this is before Dispatcher
2018/07/01 16:06:07 this is before CLOSE
2018/07/01 16:06:10 this is befor StartAll
2018/07/01 16:06:10 this is before Dispatcher
2018/07/01 16:06:10 this is before CLOSE
2018/07/01 16:06:13 this is befor StartAll
2018/07/01 16:06:13 this is before Dispatcher
2018/07/01 16:06:13 this is before CLOSE
2018/07/01 16:06:16 this is befor StartAll
2018/07/01 16:06:16 this is before Dispatcher
2018/07/01 16:06:16 this is before CLOSE
2018/07/01 16:06:19 this is befor StartAll
2018/07/01 16:06:19 this is before Dispatcher
2018/07/01 16:06:19 this is before CLOSE
2018/07/01 16:06:21 Now length: 0
2018/07/01 16:06:21 New connction coming: 1
2018/07/01 16:06:22 this is befor StartAll
2018/07/01 16:06:22 this is before Dispatcher
2018/07/01 16:06:22 this is before CLOSE
2018/07/01 16:06:25 this is befor StartAll
2018/07/01 16:06:25 this is before Dispatcher
2018/07/01 16:06:25 this is before CLOSE
2018/07/01 16:06:28 this is befor StartAll
2018/07/01 16:06:28 this is before Dispatcher
2018/07/01 16:06:28 this is before CLOSE
2018/07/01 16:06:31 this is befor StartAll
2018/07/01 16:06:31 this is before Dispatcher
2018/07/01 16:06:31 this is before CLOSE
2018/07/01 16:06:34 this is befor StartAll
2018/07/01 16:06:34 this is before Dispatcher
2018/07/01 16:06:34 this is before CLOSE
2018/07/01 16:06:37 this is befor StartAll
2018/07/01 16:06:37 this is before Dispatcher
2018/07/01 16:06:37 this is before CLOSE
2018/07/01 16:06:40 this is befor StartAll
2018/07/01 16:06:40 this is before Dispatcher
2018/07/01 16:06:40 this is before CLOSE
2018/07/01 16:06:43 this is befor StartAll
2018/07/01 16:06:43 this is before Dispatcher
2018/07/01 16:06:43 this is before CLOSE
2018/07/01 16:06:46 this is befor StartAll
2018/07/01 16:06:46 this is before Dispatcher
2018/07/01 16:06:46 this is before CLOSE
2018/07/01 16:06:49 this is befor StartAll
2018/07/01 16:06:49 this is before Dispatcher
2018/07/01 16:06:49 this is before CLOSE
2018/07/01 16:06:52 this is befor StartAll
2018/07/01 16:06:52 this is before Dispatcher
2018/07/01 16:06:52 this is before CLOSE
2018/07/01 16:06:55 this is befor StartAll
2018/07/01 16:06:55 this is before Dispatcher
2018/07/01 16:06:55 this is before CLOSE
2018/07/01 16:06:58 this is befor StartAll
2018/07/01 16:06:58 this is before Dispatcher
2018/07/01 16:06:58 this is before CLOSE
2018/07/01 16:07:01 this is befor StartAll
2018/07/01 16:07:01 this is before Dispatcher
2018/07/01 16:07:01 this is before CLOSE
2018/07/01 16:07:04 this is befor StartAll
2018/07/01 16:07:04 this is before Dispatcher
2018/07/01 16:07:04 this is before CLOSE
2018/07/01 16:07:07 this is befor StartAll
2018/07/01 16:07:07 this is before Dispatcher
2018/07/01 16:07:07 this is before CLOSE
2018/07/01 16:07:10 this is befor StartAll
2018/07/01 16:07:10 this is before Dispatcher
2018/07/01 16:07:10 this is before CLOSE
2018/07/01 16:07:13 this is befor StartAll
2018/07/01 16:07:13 this is before Dispatcher
2018/07/01 16:07:13 this is before CLOSE
2018/07/01 16:07:16 this is befor StartAll
2018/07/01 16:07:16 this is before Dispatcher
2018/07/01 16:07:16 this is before CLOSE
2018/07/01 16:07:19 this is befor StartAll
2018/07/01 16:07:19 this is before Dispatcher
2018/07/01 16:07:19 this is before CLOSE
2018/07/01 16:07:22 this is befor StartAll
2018/07/01 16:07:22 this is before Dispatcher
2018/07/01 16:07:22 this is before CLOSE
2018/07/01 16:07:25 this is befor StartAll
2018/07/01 16:07:25 this is before Dispatcher
2018/07/01 16:07:25 this is before CLOSE
2018/07/01 16:07:28 this is befor StartAll
2018/07/01 16:07:28 this is before Dispatcher
2018/07/01 16:07:28 this is before CLOSE
2018/07/01 16:07:31 this is befor StartAll
2018/07/01 16:07:31 this is before Dispatcher
2018/07/01 16:07:31 this is before CLOSE
2018/07/01 16:07:34 this is befor StartAll
2018/07/01 16:07:34 this is before Dispatcher
2018/07/01 16:07:34 this is before CLOSE
2018/07/01 16:07:37 this is befor StartAll
2018/07/01 16:07:37 this is before Dispatcher
2018/07/01 16:07:37 this is before CLOSE
2018/07/01 16:07:40 this is befor StartAll
2018/07/01 16:07:40 this is before Dispatcher
2018/07/01 16:07:40 this is before CLOSE
2018/07/01 16:07:43 this is befor StartAll
2018/07/01 16:07:43 this is before Dispatcher
2018/07/01 16:07:43 this is before CLOSE
2018/07/01 16:07:46 this is befor StartAll
2018/07/01 16:07:46 this is before Dispatcher
2018/07/01 16:07:46 this is before CLOSE
2018/07/01 16:07:49 this is befor StartAll
2018/07/01 16:07:49 this is before Dispatcher
2018/07/01 16:07:49 this is before CLOSE
2018/07/01 16:07:52 this is befor StartAll
2018/07/01 16:07:52 this is before Dispatcher
2018/07/01 16:07:52 this is before CLOSE
2018/07/01 16:07:55 this is befor StartAll
2018/07/01 16:07:55 this is before Dispatcher
2018/07/01 16:07:55 this is before CLOSE
2018/07/01 16:07:58 this is befor StartAll
2018/07/01 16:07:58 this is before Dispatcher
2018/07/01 16:07:58 this is before CLOSE
2018/07/01 16:08:01 this is befor StartAll
2018/07/01 16:08:01 this is before Dispatcher
2018/07/01 16:08:01 this is before CLOSE
2018/07/01 16:08:04 this is befor StartAll
2018/07/01 16:08:04 this is before Dispatcher
2018/07/01 16:08:04 this is before CLOSE
2018/07/01 16:08:07 this is befor StartAll
2018/07/01 16:08:07 this is before Dispatcher
2018/07/01 16:08:07 this is before CLOSE
2018/07/01 16:08:10 this is befor StartAll
2018/07/01 16:08:10 this is before Dispatcher
2018/07/01 16:08:10 this is before CLOSE
2018/07/01 16:08:13 this is befor StartAll
2018/07/01 16:08:13 this is before Dispatcher
2018/07/01 16:08:13 this is before CLOSE
2018/07/01 16:08:16 this is befor StartAll
2018/07/01 16:08:16 this is before Dispatcher
2018/07/01 16:08:16 this is before CLOSE
2018/07/01 16:08:19 this is befor StartAll
2018/07/01 16:08:19 this is before Dispatcher
2018/07/01 16:08:19 this is before CLOSE
2018/07/01 16:08:22 this is befor StartAll
2018/07/01 16:08:22 this is before Dispatcher
2018/07/01 16:08:22 this is before CLOSE
2018/07/01 16:08:25 this is befor StartAll
2018/07/01 16:08:25 this is before Dispatcher
2018/07/01 16:08:25 this is before CLOSE
2018/07/01 16:08:28 this is befor StartAll
2018/07/01 16:08:28 this is before Dispatcher
2018/07/01 16:08:28 this is before CLOSE
2018/07/01 16:08:31 this is befor StartAll
2018/07/01 16:08:31 this is before Dispatcher
2018/07/01 16:08:31 this is before CLOSE
2018/07/01 16:08:34 this is befor StartAll
2018/07/01 16:08:34 this is before Dispatcher
2018/07/01 16:08:34 this is before CLOSE
2018/07/01 16:08:37 this is befor StartAll
2018/07/01 16:08:37 this is before Dispatcher
2018/07/01 16:08:37 this is before CLOSE
2018/07/01 16:08:40 this is befor StartAll
2018/07/01 16:08:40 this is before Dispatcher
2018/07/01 16:08:40 this is before CLOSE
2018/07/01 16:08:43 this is befor StartAll
2018/07/01 16:08:43 this is before Dispatcher
2018/07/01 16:08:43 this is before CLOSE
2018/07/01 16:08:46 this is befor StartAll
2018/07/01 16:08:46 this is before Dispatcher
2018/07/01 16:08:46 this is before CLOSE
2018/07/01 16:08:49 this is befor StartAll
2018/07/01 16:08:49 this is before Dispatcher
2018/07/01 16:08:49 this is before CLOSE
2018/07/01 16:08:52 this is befor StartAll
2018/07/01 16:08:52 this is before Dispatcher
2018/07/01 16:08:52 this is before CLOSE
2018/07/01 16:08:55 this is befor StartAll
2018/07/01 16:08:55 this is before Dispatcher
2018/07/01 16:08:55 this is before CLOSE
2018/07/01 16:08:58 this is befor StartAll
2018/07/01 16:08:58 this is before Dispatcher
2018/07/01 16:08:58 this is before CLOSE
2018/07/01 16:09:01 this is befor StartAll
2018/07/01 16:09:01 this is before Dispatcher
2018/07/01 16:09:01 this is before CLOSE
2018/07/01 16:09:04 this is befor StartAll
2018/07/01 16:09:04 this is before Dispatcher
2018/07/01 16:09:04 this is before CLOSE
2018/07/01 16:09:07 this is befor StartAll
2018/07/01 16:09:07 this is before Dispatcher
2018/07/01 16:09:07 this is before CLOSE
2018/07/01 16:09:10 this is befor StartAll
2018/07/01 16:09:10 this is before Dispatcher
2018/07/01 16:09:10 this is before CLOSE
2018/07/01 16:09:13 this is befor StartAll
2018/07/01 16:09:13 this is before Dispatcher
2018/07/01 16:09:13 this is before CLOSE
2018/07/01 16:09:16 this is befor StartAll
2018/07/01 16:09:16 this is before Dispatcher
2018/07/01 16:09:16 this is before CLOSE
2018/07/01 16:09:19 this is befor StartAll
2018/07/01 16:09:19 this is before Dispatcher
2018/07/01 16:09:19 this is before CLOSE
2018/07/01 16:09:22 this is befor StartAll
2018/07/01 16:09:22 this is before Dispatcher
2018/07/01 16:09:22 this is before CLOSE
2018/07/01 16:09:25 this is befor StartAll
2018/07/01 16:09:25 this is before Dispatcher
2018/07/01 16:09:25 this is before CLOSE
2018/07/01 16:09:28 this is befor StartAll
2018/07/01 16:09:28 this is before Dispatcher
2018/07/01 16:09:28 this is before CLOSE
